<?xml version="1.0" encoding="UTF-8"?>
<!-- Generated by org.testng.reporters.JUnitXMLReporter -->
<testsuite ignored="0" hostname="Zankhanas-Air.ht.home" failures="0" tests="3" name="Default test" time="18.663" errors="0" timestamp="2022-07-05T12:42:07 EDT">
  <testcase classname="testcases.LoginPageTest" name="loginPageTitleTest" time="0.073"/>
  <testcase classname="testcases.LoginPageTest" name="crmLogoImageTest" time="0.366"/>
  <testcase classname="testcases.LoginPageTest" name="loginTest" time="4.844"/>
</testsuite> <!-- Default test -->
