<?xml version="1.0" encoding="UTF-8"?>
<testng-results ignored="0" total="3" passed="3" failed="0" skipped="0">
  <reporter-output>
  </reporter-output>
  <suite started-at="2022-07-05T12:41:49 EDT" name="Default suite" finished-at="2022-07-05T12:42:07 EDT" duration-ms="18663">
    <groups>
    </groups>
    <test started-at="2022-07-05T12:41:49 EDT" name="Default test" finished-at="2022-07-05T12:42:07 EDT" duration-ms="18663">
      <class name="testcases.LoginPageTest">
        <test-method is-config="true" signature="setUp()[pri:0, instance:testcases.LoginPageTest@6bedbc4d]" started-at="2022-07-05T12:41:49 EDT" name="setUp" finished-at="2022-07-05T12:41:56 EDT" duration-ms="6695" status="PASS">
          <reporter-output>
          </reporter-output>
        </test-method> <!-- setUp -->
        <test-method signature="loginPageTitleTest()[pri:1, instance:testcases.LoginPageTest@6bedbc4d]" started-at="2022-07-05T12:41:56 EDT" name="loginPageTitleTest" finished-at="2022-07-05T12:41:56 EDT" duration-ms="73" status="PASS">
          <reporter-output>
          </reporter-output>
        </test-method> <!-- loginPageTitleTest -->
        <test-method is-config="true" signature="tearDown()[pri:0, instance:testcases.LoginPageTest@6bedbc4d]" started-at="2022-07-05T12:41:56 EDT" name="tearDown" finished-at="2022-07-05T12:41:56 EDT" duration-ms="84" status="PASS">
          <reporter-output>
          </reporter-output>
        </test-method> <!-- tearDown -->
        <test-method is-config="true" signature="setUp()[pri:0, instance:testcases.LoginPageTest@6bedbc4d]" started-at="2022-07-05T12:41:56 EDT" name="setUp" finished-at="2022-07-05T12:41:59 EDT" duration-ms="3208" status="PASS">
          <reporter-output>
          </reporter-output>
        </test-method> <!-- setUp -->
        <test-method signature="crmLogoImageTest()[pri:2, instance:testcases.LoginPageTest@6bedbc4d]" started-at="2022-07-05T12:41:59 EDT" name="crmLogoImageTest" finished-at="2022-07-05T12:41:59 EDT" duration-ms="366" status="PASS">
          <reporter-output>
          </reporter-output>
        </test-method> <!-- crmLogoImageTest -->
        <test-method is-config="true" signature="tearDown()[pri:0, instance:testcases.LoginPageTest@6bedbc4d]" started-at="2022-07-05T12:41:59 EDT" name="tearDown" finished-at="2022-07-05T12:41:59 EDT" duration-ms="82" status="PASS">
          <reporter-output>
          </reporter-output>
        </test-method> <!-- tearDown -->
        <test-method is-config="true" signature="setUp()[pri:0, instance:testcases.LoginPageTest@6bedbc4d]" started-at="2022-07-05T12:41:59 EDT" name="setUp" finished-at="2022-07-05T12:42:03 EDT" duration-ms="3181" status="PASS">
          <reporter-output>
          </reporter-output>
        </test-method> <!-- setUp -->
        <test-method signature="loginTest()[pri:3, instance:testcases.LoginPageTest@6bedbc4d]" started-at="2022-07-05T12:42:03 EDT" name="loginTest" finished-at="2022-07-05T12:42:07 EDT" duration-ms="4844" status="PASS">
          <reporter-output>
          </reporter-output>
        </test-method> <!-- loginTest -->
        <test-method is-config="true" signature="tearDown()[pri:0, instance:testcases.LoginPageTest@6bedbc4d]" started-at="2022-07-05T12:42:07 EDT" name="tearDown" finished-at="2022-07-05T12:42:07 EDT" duration-ms="85" status="PASS">
          <reporter-output>
          </reporter-output>
        </test-method> <!-- tearDown -->
      </class> <!-- testcases.LoginPageTest -->
    </test> <!-- Default test -->
  </suite> <!-- Default suite -->
</testng-results>
